<?xml version="1.0" encoding="UTF-8"?>
<!-- Generated by org.testng.reporters.JUnitReportReporter -->
<testsuite hostname="DESKTOP-OJ7HGSR" failures="0" tests="7" name="visitingWebsites" time="1.662" errors="0" timestamp="2023-06-29T10:34:51 EET" skipped="6">
  <testcase classname="visitingWebsites" name="alerts" time="1.662"/>
  <system-out/>
  <testcase classname="visitingWebsites" name="frames">
    <skipped/>
  </testcase> <!-- frames -->
  <system-out/>
  <testcase classname="visitingWebsites" name="waits">
    <skipped/>
  </testcase> <!-- waits -->
  <system-out/>
  <testcase classname="visitingWebsites" name="findElementBy">
    <skipped/>
  </testcase> <!-- findElementBy -->
  <system-out/>
  <testcase classname="visitingWebsites" name="multiWindows">
    <skipped/>
  </testcase> <!-- multiWindows -->
  <system-out/>
  <testcase classname="visitingWebsites" name="controlScreen">
    <skipped/>
  </testcase> <!-- controlScreen -->
  <system-out/>
  <testcase classname="visitingWebsites" name="interactWithBrowser_section5">
    <skipped/>
  </testcase> <!-- interactWithBrowser_section5 -->
  <system-out/>
</testsuite> <!-- visitingWebsites -->
